<?xml version="1.0" encoding="UTF-8"?>
<testng-results ignored="0" total="1" passed="1" failed="0" skipped="0">
  <reporter-output>
  </reporter-output>
  <suite started-at="2024-05-06T14:04:50 IST" name="Default suite" finished-at="2024-05-06T14:04:50 IST" duration-ms="51">
    <groups>
    </groups>
    <test started-at="2024-05-06T14:04:50 IST" name="Default test" finished-at="2024-05-06T14:04:50 IST" duration-ms="51">
      <class name="PS1">
        <test-method is-config="true" signature="beforRun()[pri:0, instance:PS1@6f96c77]" started-at="2024-05-06T14:04:50 IST" name="beforRun" finished-at="2024-05-06T14:04:50 IST" duration-ms="7" status="PASS">
          <reporter-output>
          </reporter-output>
        </test-method> <!-- beforRun -->
        <test-method signature="testRun()[pri:0, instance:PS1@6f96c77]" started-at="2024-05-06T14:04:50 IST" name="testRun" finished-at="2024-05-06T14:04:50 IST" duration-ms="8" status="PASS">
          <reporter-output>
          </reporter-output>
        </test-method> <!-- testRun -->
        <test-method is-config="true" signature="afterrRun()[pri:0, instance:PS1@6f96c77]" started-at="2024-05-06T14:04:50 IST" name="afterrRun" finished-at="2024-05-06T14:04:50 IST" duration-ms="1" status="PASS">
          <reporter-output>
          </reporter-output>
        </test-method> <!-- afterrRun -->
      </class> <!-- PS1 -->
    </test> <!-- Default test -->
  </suite> <!-- Default suite -->
</testng-results>
